1.7066450119
1.61011004448
0.398350954056
1.57326412201
1.77265191078
1.12259578705
1.06889605522
1.49958086014
0.388913869858
1.50857782364
0.911056041718
0.376275062561
1.58287906647
1.64968299866
1.75868582726
1.63600587845
1.76633310318
1.41566681862
1.76090788841
1.4871609211
0.374938011169
1.67129182816
1.61517620087
1.4096429348
1.09650707245
1.71027398109
1.52510905266
0.58450293541
1.64175510406
1.51233887672
1.29827594757
1.22129797935
0.668886899948
0.448269844055
1.66121697426
1.60727500916
1.08833289146
1.54810810089
0.383552074432
1.60821509361
0.605435848236
1.7338218689
1.78729200363
1.01747012138
1.55758786201
0.377564907074
0.54137802124
0.378681898117
1.62156200409
0.812499046326
