0.776121139526
1.72868609428
1.79087901115
1.11314511299
1.69581699371
1.78191995621
1.41537189484
1.63329696655
1.683781147
1.50347399712
1.43689393997
1.70771980286
1.58141803741
1.51677298546
1.263682127
1.82744216919
1.47698879242
1.79396295547
1.64670014381
1.56381106377
1.68842697144
1.58448886871
1.33594202995
1.29003310204
1.35387206078
1.75799703598
1.56392288208
1.57002091408
1.71884083748
1.77216386795
1.16176795959
1.58517694473
1.51343178749
1.44309806824
0.364238977432
1.78172898293
1.75356602669
1.40838289261
1.45348095894
1.59383392334
1.41491007805
1.75781393051
1.55992794037
1.13547897339
1.16586494446
1.78803110123
1.54036593437
1.53266406059
1.50032401085
1.74404406548
