1.79147601128
1.55983090401
1.7732758522
1.6190559864
1.23310089111
1.74643301964
0.825670957565
1.73983001709
1.03259897232
1.60624790192
1.46336007118
1.81025791168
0.989160060883
1.68631792068
1.30076003075
1.64132094383
1.76966190338
0.828743934631
0.381469964981
1.76406002045
1.62561416626
0.921220064163
1.00580215454
1.80830597878
1.8005669117
1.70173597336
1.74318289757
1.6469180584
1.78315091133
1.5954220295
1.59253191948
1.81133794785
0.463427066803
1.76911091805
1.75100684166
1.69244599342
1.68577194214
1.80056881905
1.70754408836
1.81272602081
1.21147990227
0.82371711731
1.67430090904
1.650785923
0.748272895813
0.641305208206
1.39831900597
1.51424503326
1.80420708656
1.79623413086
